<?xml version="1.0" encoding="UTF-8" standalone="no"?>
<!DOCTYPE log SYSTEM "logger.dtd">
<log>
<record>
  <date>2013-02-19T17:19:30</date>
  <millis>1361305170637</millis>
  <sequence>0</sequence>
  <logger>jMetal</logger>
  <level>INFO</level>
  <class>br.inf.ufpr.main.NSGAII_main</class>
  <method>main</method>
  <thread>1</thread>
  <message>Total execution time: 264021ms</message>
</record>
<record>
  <date>2013-02-19T17:19:30</date>
  <millis>1361305170661</millis>
  <sequence>1</sequence>
  <logger>jMetal</logger>
  <level>INFO</level>
  <class>br.inf.ufpr.main.NSGAII_main</class>
  <method>main</method>
  <thread>1</thread>
  <message>Variables values have been writen to file VAR</message>
</record>
<record>
  <date>2013-02-19T17:19:30</date>
  <millis>1361305170681</millis>
  <sequence>2</sequence>
  <logger>jMetal</logger>
  <level>INFO</level>
  <class>br.inf.ufpr.main.NSGAII_main</class>
  <method>main</method>
  <thread>1</thread>
  <message>Objectives values have been writen to file FUN</message>
</record>
</log>
